<?xml version="1.0" encoding="UTF-8"?>
<testsuite name="org.apache.commons.collections4.ArrayStackTest" time="0.252" tests="154" errors="0" skipped="0" failures="0">
  <properties>
[...]
</properties>
  <testcase name="testNewStack" classname="org.apache.commons.collections4.ArrayStackTest" time="0.004"/>
  <testcase name="testPushPeekPop" classname="org.apache.commons.collections4.ArrayStackTest" time="0"/>
  <testcase name="testSearch" classname="org.apache.commons.collections4.ArrayStackTest" time="0"/>
  <testcase name="testNewArrayList" classname="org.apache.commons.collections4.ArrayStackTest" time="0"/>
  <testcase name="testListAddByIndexBoundsChecking" classname="org.apache.commons.collections4.ArrayStackTest" time="0"/>
  <testcase name="testListAddByIndexBoundsChecking2" classname="org.apache.commons.collections4.ArrayStackTest" time="0.004"/>
  <testcase name="testListAddByIndex" classname="org.apache.commons.collections4.ArrayStackTest" time="0.003"/>
  <testcase name="testListEquals" classname="org.apache.commons.collections4.ArrayStackTest" time="0.003"/>
  <testcase name="testListHashCode" classname="org.apache.commons.collections4.ArrayStackTest" time="0.001"/>
  <testcase name="testListGetByIndex" classname="org.apache.commons.collections4.ArrayStackTest" time="0.004"/>
  <testcase name="testListGetByIndexBoundsChecking" classname="org.apache.commons.collections4.ArrayStackTest" time="0.001"/>
  <testcase name="testListGetByIndexBoundsChecking2" classname="org.apache.commons.collections4.ArrayStackTest" time="0"/>
  <testcase name="testListIndexOf" classname="org.apache.commons.collections4.ArrayStackTest" time="0.01"/>
  <testcase name="testListLastIndexOf" classname="org.apache.commons.collections4.ArrayStackTest" time="0.011"/>
  <testcase name="testListSetByIndexBoundsChecking" classname="org.apache.commons.collections4.ArrayStackTest" time="0.001"/>
  <testcase name="testListSetByIndexBoundsChecking2" classname="org.apache.commons.collections4.ArrayStackTest" time="0.001"/>
  <testcase name="testListSetByIndex" classname="org.apache.commons.collections4.ArrayStackTest" time="0.007"/>
  <testcase name="testUnsupportedSet" classname="org.apache.commons.collections4.ArrayStackTest" time="0"/>
  <testcase name="testListRemoveByIndexBoundsChecking" classname="org.apache.commons.collections4.ArrayStackTest" time="0"/>
  <testcase name="testListRemoveByIndexBoundsChecking2" classname="org.apache.commons.collections4.ArrayStackTest" time="0"/>
  <testcase name="testListRemoveByIndex" classname="org.apache.commons.collections4.ArrayStackTest" time="0.008"/>
  <testcase name="testListListIterator" classname="org.apache.commons.collections4.ArrayStackTest" time="0"/>
  <testcase name="testListListIteratorByIndex" classname="org.apache.commons.collections4.ArrayStackTest" time="0.01"/>
  <testcase name="testListListIteratorPreviousRemoveNext" classname="org.apache.commons.collections4.ArrayStackTest" time="0.001"/>
  <testcase name="testListListIteratorPreviousRemovePrevious" classname="org.apache.commons.collections4.ArrayStackTest" time="0.001"/>
  <testcase name="testListListIteratorNextRemoveNext" classname="org.apache.commons.collections4.ArrayStackTest" time="0"/>
  <testcase name="testListListIteratorNextRemovePrevious" classname="org.apache.commons.collections4.ArrayStackTest" time="0.001"/>
  <testcase name="testListIteratorAdd" classname="org.apache.commons.collections4.ArrayStackTest" time="0.015"/>
  <testcase name="testListIteratorSet" classname="org.apache.commons.collections4.ArrayStackTest" time="0.008"/>
  <testcase name="testEmptyListSerialization" classname="org.apache.commons.collections4.ArrayStackTest" time="0.011"/>
  <testcase name="testListAddByIndexBoundsChecking" classname="org.apache.commons.collections4.list.AbstractListTest$BulkTestSubList" time="0"/>
  <testcase name="testListAddByIndexBoundsChecking2" classname="org.apache.commons.collections4.list.AbstractListTest$BulkTestSubList" time="0.001"/>
  <testcase name="testListAddByIndex" classname="org.apache.commons.collections4.list.AbstractListTest$BulkTestSubList" time="0.011"/>
  <testcase name="testListEquals" classname="org.apache.commons.collections4.list.AbstractListTest$BulkTestSubList" time="0.004"/>
  <testcase name="testListHashCode" classname="org.apache.commons.collections4.list.AbstractListTest$BulkTestSubList" time="0.001"/>
  <testcase name="testListGetByIndex" classname="org.apache.commons.collections4.list.AbstractListTest$BulkTestSubList" time="0.004"/>
  <testcase name="testListGetByIndexBoundsChecking" classname="org.apache.commons.collections4.list.AbstractListTest$BulkTestSubList" time="0.001"/>
  <testcase name="testListGetByIndexBoundsChecking2" classname="org.apache.commons.collections4.list.AbstractListTest$BulkTestSubList" time="0"/>
  <testcase name="testListIndexOf" classname="org.apache.commons.collections4.list.AbstractListTest$BulkTestSubList" time="0.008"/>
  <testcase name="testListLastIndexOf" classname="org.apache.commons.collections4.list.AbstractListTest$BulkTestSubList" time="0.007"/>
  <testcase name="testListSetByIndexBoundsChecking" classname="org.apache.commons.collections4.list.AbstractListTest$BulkTestSubList" time="0"/>
  <testcase name="testListSetByIndexBoundsChecking2" classname="org.apache.commons.collections4.list.AbstractListTest$BulkTestSubList" time="0.001"/>
  <testcase name="testListSetByIndex" classname="org.apache.commons.collections4.list.AbstractListTest$BulkTestSubList" time="0.004"/>
  <testcase name="testUnsupportedSet" classname="org.apache.commons.collections4.list.AbstractListTest$BulkTestSubList" time="0.001"/>
  <testcase name="testListRemoveByIndexBoundsChecking" classname="org.apache.commons.collections4.list.AbstractListTest$BulkTestSubList" time="0"/>
  <testcase name="testListRemoveByIndexBoundsChecking2" classname="org.apache.commons.collections4.list.AbstractListTest$BulkTestSubList" time="0"/>
  <testcase name="testListRemoveByIndex" classname="org.apache.commons.collections4.list.AbstractListTest$BulkTestSubList" time="0.005"/>
  <testcase name="testListListIterator" classname="org.apache.commons.collections4.list.AbstractListTest$BulkTestSubList" time="0.001"/>
  <testcase name="testListListIteratorByIndex" classname="org.apache.commons.collections4.list.AbstractListTest$BulkTestSubList" time="0.005"/>
  <testcase name="testListListIteratorPreviousRemoveNext" classname="org.apache.commons.collections4.list.AbstractListTest$BulkTestSubList" time="0"/>
  <testcase name="testListListIteratorPreviousRemovePrevious" classname="org.apache.commons.collections4.list.AbstractListTest$BulkTestSubList" time="0.001"/>
  <testcase name="testListListIteratorNextRemoveNext" classname="org.apache.commons.collections4.list.AbstractListTest$BulkTestSubList" time="0"/>
  <testcase name="testListListIteratorNextRemovePrevious" classname="org.apache.commons.collections4.list.AbstractListTest$BulkTestSubList" time="0"/>
  <testcase name="testListIteratorAdd" classname="org.apache.commons.collections4.list.AbstractListTest$BulkTestSubList" time="0.01"/>
  <testcase name="testListIteratorSet" classname="org.apache.commons.collections4.list.AbstractListTest$BulkTestSubList" time="0.004"/>
  <testcase name="testEmptyListSerialization" classname="org.apache.commons.collections4.list.AbstractListTest$BulkTestSubList" time="0"/>
  <testcase name="testFullListSerialization" classname="org.apache.commons.collections4.list.AbstractListTest$BulkTestSubList" time="0"/>
  <testcase name="testEmptyListCompatibility" classname="org.apache.commons.collections4.list.AbstractListTest$BulkTestSubList" time="0.001"/>
  <testcase name="testFullListCompatibility" classname="org.apache.commons.collections4.list.AbstractListTest$BulkTestSubList" time="0"/>
  <testcase name="testListSubListFailFastOnAdd" classname="org.apache.commons.collections4.list.AbstractListTest$BulkTestSubList" time="0"/>
  <testcase name="testListSubListFailFastOnRemove" classname="org.apache.commons.collections4.list.AbstractListTest$BulkTestSubList" time="0"/>
  <testcase name="testSet" classname="org.apache.commons.collections4.list.AbstractListTest$TestListIterator" time="0"/>
  <testcase name="testAdd" classname="org.apache.commons.collections4.list.AbstractListTest$TestListIterator" time="0.001"/>
  <testcase name="testEmptyListIteratorIsIndeedEmpty" classname="org.apache.commons.collections4.list.AbstractListTest$TestListIterator" time="0"/>
  <testcase name="testWalkForwardAndBack" classname="org.apache.commons.collections4.list.AbstractListTest$TestListIterator" time="0"/>
  <testcase name="testRemoveThenSet" classname="org.apache.commons.collections4.list.AbstractListTest$TestListIterator" time="0"/>
  <testcase name="testAddThenSet" classname="org.apache.commons.collections4.list.AbstractListTest$TestListIterator" time="0"/>
  <testcase name="testAddThenRemove" classname="org.apache.commons.collections4.list.AbstractListTest$TestListIterator" time="0"/>
  <testcase name="testRemove" classname="org.apache.commons.collections4.list.AbstractListTest$TestListIterator" time="0.001"/>
  <testcase name="testEmptyIterator" classname="org.apache.commons.collections4.list.AbstractListTest$TestListIterator" time="0"/>
  <testcase name="testFullIterator" classname="org.apache.commons.collections4.list.AbstractListTest$TestListIterator" time="0"/>
  <testcase name="testSerializeDeserializeThenCompare" classname="org.apache.commons.collections4.list.AbstractListTest$TestListIterator" time="0"/>
  <testcase name="testObjectEqualsSelf" classname="org.apache.commons.collections4.list.AbstractListTest$TestListIterator" time="0.001"/>
  <testcase name="testEqualsNull" classname="org.apache.commons.collections4.list.AbstractListTest$TestListIterator" time="0"/>
  <testcase name="testObjectHashCodeEqualsSelfHashCode" classname="org.apache.commons.collections4.list.AbstractListTest$TestListIterator" time="0"/>
  <testcase name="testObjectHashCodeEqualsContract" classname="org.apache.commons.collections4.list.AbstractListTest$TestListIterator" time="0"/>
  <testcase name="testSimpleSerialization" classname="org.apache.commons.collections4.list.AbstractListTest$TestListIterator" time="0.001"/>
  <testcase name="testCanonicalEmptyCollectionExists" classname="org.apache.commons.collections4.list.AbstractListTest$TestListIterator" time="0"/>
  <testcase name="testCanonicalFullCollectionExists" classname="org.apache.commons.collections4.list.AbstractListTest$TestListIterator" time="0.001"/>
  <testcase name="testCollectionAdd" classname="org.apache.commons.collections4.list.AbstractListTest$BulkTestSubList" time="0.006"/>
  <testcase name="testCollectionAddAll" classname="org.apache.commons.collections4.list.AbstractListTest$BulkTestSubList" time="0.002"/>
  <testcase name="testUnsupportedAdd" classname="org.apache.commons.collections4.list.AbstractListTest$BulkTestSubList" time="0.001"/>
  <testcase name="testCollectionClear" classname="org.apache.commons.collections4.list.AbstractListTest$BulkTestSubList" time="0"/>
  <testcase name="testCollectionContains" classname="org.apache.commons.collections4.list.AbstractListTest$BulkTestSubList" time="0.001"/>
  <testcase name="testCollectionContainsAll" classname="org.apache.commons.collections4.list.AbstractListTest$BulkTestSubList" time="0.002"/>
  <testcase name="testCollectionIsEmpty" classname="org.apache.commons.collections4.list.AbstractListTest$BulkTestSubList" time="0"/>
  <testcase name="testCollectionIterator" classname="org.apache.commons.collections4.list.AbstractListTest$BulkTestSubList" time="0.002"/>
  <testcase name="testCollectionRemove" classname="org.apache.commons.collections4.list.AbstractListTest$BulkTestSubList" time="0.009"/>
  <testcase name="testCollectionIteratorRemove" classname="org.apache.commons.collections4.list.AbstractListTest$BulkTestSubList" time="0.003"/>
  <testcase name="testCollectionRemoveAll" classname="org.apache.commons.collections4.list.AbstractListTest$BulkTestSubList" time="0.002"/>
  <testcase name="testCollectionRetainAll" classname="org.apache.commons.collections4.list.AbstractListTest$BulkTestSubList" time="0.002"/>
  <testcase name="testCollectionSize" classname="org.apache.commons.collections4.list.AbstractListTest$BulkTestSubList" time="0.001"/>
  <testcase name="testCollectionToArray" classname="org.apache.commons.collections4.list.AbstractListTest$BulkTestSubList" time="0.001"/>
  <testcase name="testCollectionToArray2" classname="org.apache.commons.collections4.list.AbstractListTest$BulkTestSubList" time="0"/>
  <testcase name="testCollectionToString" classname="org.apache.commons.collections4.list.AbstractListTest$BulkTestSubList" time="0"/>
  <testcase name="testUnsupportedRemove" classname="org.apache.commons.collections4.list.AbstractListTest$BulkTestSubList" time="0"/>
  <testcase name="testCollectionIteratorFailFast" classname="org.apache.commons.collections4.list.AbstractListTest$BulkTestSubList" time="0"/>
  <testcase name="testSerializeDeserializeThenCompare" classname="org.apache.commons.collections4.list.AbstractListTest$BulkTestSubList" time="0"/>
  <testcase name="testObjectEqualsSelf" classname="org.apache.commons.collections4.list.AbstractListTest$BulkTestSubList" time="0.001"/>
  <testcase name="testEqualsNull" classname="org.apache.commons.collections4.list.AbstractListTest$BulkTestSubList" time="0"/>
  <testcase name="testObjectHashCodeEqualsSelfHashCode" classname="org.apache.commons.collections4.list.AbstractListTest$BulkTestSubList" time="0"/>
  <testcase name="testObjectHashCodeEqualsContract" classname="org.apache.commons.collections4.list.AbstractListTest$BulkTestSubList" time="0"/>
  <testcase name="testSimpleSerialization" classname="org.apache.commons.collections4.list.AbstractListTest$BulkTestSubList" time="0"/>
  <testcase name="testCanonicalEmptyCollectionExists" classname="org.apache.commons.collections4.list.AbstractListTest$BulkTestSubList" time="0.001"/>
  <testcase name="testCanonicalFullCollectionExists" classname="org.apache.commons.collections4.list.AbstractListTest$BulkTestSubList" time="0"/>
  <testcase name="testFullListSerialization" classname="org.apache.commons.collections4.ArrayStackTest" time="0.014"/>
  <testcase name="testEmptyListCompatibility" classname="org.apache.commons.collections4.ArrayStackTest" time="0.001"/>
  <testcase name="testFullListCompatibility" classname="org.apache.commons.collections4.ArrayStackTest" time="0.001"/>
  <testcase name="testListSubListFailFastOnAdd" classname="org.apache.commons.collections4.ArrayStackTest" time="0"/>
  <testcase name="testListSubListFailFastOnRemove" classname="org.apache.commons.collections4.ArrayStackTest" time="0"/>
  <testcase name="testSet" classname="org.apache.commons.collections4.list.AbstractListTest$TestListIterator" time="0.001"/>
  <testcase name="testAdd" classname="org.apache.commons.collections4.list.AbstractListTest$TestListIterator" time="0"/>
  <testcase name="testEmptyListIteratorIsIndeedEmpty" classname="org.apache.commons.collections4.list.AbstractListTest$TestListIterator" time="0"/>
  <testcase name="testWalkForwardAndBack" classname="org.apache.commons.collections4.list.AbstractListTest$TestListIterator" time="0"/>
  <testcase name="testRemoveThenSet" classname="org.apache.commons.collections4.list.AbstractListTest$TestListIterator" time="0"/>
  <testcase name="testAddThenSet" classname="org.apache.commons.collections4.list.AbstractListTest$TestListIterator" time="0.001"/>
  <testcase name="testAddThenRemove" classname="org.apache.commons.collections4.list.AbstractListTest$TestListIterator" time="0"/>
  <testcase name="testRemove" classname="org.apache.commons.collections4.list.AbstractListTest$TestListIterator" time="0.001"/>
  <testcase name="testEmptyIterator" classname="org.apache.commons.collections4.list.AbstractListTest$TestListIterator" time="0"/>
  <testcase name="testFullIterator" classname="org.apache.commons.collections4.list.AbstractListTest$TestListIterator" time="0.001"/>
  <testcase name="testSerializeDeserializeThenCompare" classname="org.apache.commons.collections4.list.AbstractListTest$TestListIterator" time="0"/>
  <testcase name="testObjectEqualsSelf" classname="org.apache.commons.collections4.list.AbstractListTest$TestListIterator" time="0"/>
  <testcase name="testEqualsNull" classname="org.apache.commons.collections4.list.AbstractListTest$TestListIterator" time="0"/>
  <testcase name="testObjectHashCodeEqualsSelfHashCode" classname="org.apache.commons.collections4.list.AbstractListTest$TestListIterator" time="0"/>
  <testcase name="testObjectHashCodeEqualsContract" classname="org.apache.commons.collections4.list.AbstractListTest$TestListIterator" time="0"/>
  <testcase name="testSimpleSerialization" classname="org.apache.commons.collections4.list.AbstractListTest$TestListIterator" time="0"/>
  <testcase name="testCanonicalEmptyCollectionExists" classname="org.apache.commons.collections4.list.AbstractListTest$TestListIterator" time="0.001"/>
  <testcase name="testCanonicalFullCollectionExists" classname="org.apache.commons.collections4.list.AbstractListTest$TestListIterator" time="0"/>
  <testcase name="testCollectionAdd" classname="org.apache.commons.collections4.ArrayStackTest" time="0.002"/>
  <testcase name="testCollectionAddAll" classname="org.apache.commons.collections4.ArrayStackTest" time="0.001"/>
  <testcase name="testUnsupportedAdd" classname="org.apache.commons.collections4.ArrayStackTest" time="0"/>
  <testcase name="testCollectionClear" classname="org.apache.commons.collections4.ArrayStackTest" time="0"/>
  <testcase name="testCollectionContains" classname="org.apache.commons.collections4.ArrayStackTest" time="0.001"/>
  <testcase name="testCollectionContainsAll" classname="org.apache.commons.collections4.ArrayStackTest" time="0.001"/>
  <testcase name="testCollectionIsEmpty" classname="org.apache.commons.collections4.ArrayStackTest" time="0"/>
  <testcase name="testCollectionIterator" classname="org.apache.commons.collections4.ArrayStackTest" time="0.001"/>
  <testcase name="testCollectionRemove" classname="org.apache.commons.collections4.ArrayStackTest" time="0.003"/>
  <testcase name="testCollectionIteratorRemove" classname="org.apache.commons.collections4.ArrayStackTest" time="0.001"/>
  <testcase name="testCollectionRemoveAll" classname="org.apache.commons.collections4.ArrayStackTest" time="0.001"/>
  <testcase name="testCollectionRetainAll" classname="org.apache.commons.collections4.ArrayStackTest" time="0.001"/>
  <testcase name="testCollectionSize" classname="org.apache.commons.collections4.ArrayStackTest" time="0"/>
  <testcase name="testCollectionToArray" classname="org.apache.commons.collections4.ArrayStackTest" time="0"/>
  <testcase name="testCollectionToArray2" classname="org.apache.commons.collections4.ArrayStackTest" time="0"/>
  <testcase name="testCollectionToString" classname="org.apache.commons.collections4.ArrayStackTest" time="0"/>
  <testcase name="testUnsupportedRemove" classname="org.apache.commons.collections4.ArrayStackTest" time="0"/>
  <testcase name="testCollectionIteratorFailFast" classname="org.apache.commons.collections4.ArrayStackTest" time="0"/>
  <testcase name="testSerializeDeserializeThenCompare" classname="org.apache.commons.collections4.ArrayStackTest" time="0.002"/>
  <testcase name="testObjectEqualsSelf" classname="org.apache.commons.collections4.ArrayStackTest" time="0.001"/>
  <testcase name="testEqualsNull" classname="org.apache.commons.collections4.ArrayStackTest" time="0"/>
  <testcase name="testObjectHashCodeEqualsSelfHashCode" classname="org.apache.commons.collections4.ArrayStackTest" time="0.001"/>
  <testcase name="testObjectHashCodeEqualsContract" classname="org.apache.commons.collections4.ArrayStackTest" time="0"/>
  <testcase name="testSimpleSerialization" classname="org.apache.commons.collections4.ArrayStackTest" time="0"/>
  <testcase name="testCanonicalEmptyCollectionExists" classname="org.apache.commons.collections4.ArrayStackTest" time="0.001"/>
  <testcase name="testCanonicalFullCollectionExists" classname="org.apache.commons.collections4.ArrayStackTest" time="0"/>
</testsuite>