<?xml version="1.0" encoding="UTF-8"?>
<testsuite name="org.apache.commons.collections4.bag.TreeBagTest" time="0.003" tests="32" errors="0" skipped="0" failures="0">
  <properties>
[...]
</properties>
  <testcase name="testCollections265" classname="org.apache.commons.collections4.bag.TreeBagTest" time="0"/>
  <testcase name="testOrdering" classname="org.apache.commons.collections4.bag.TreeBagTest" time="0"/>
  <testcase name="testIteratorFailNoMore" classname="org.apache.commons.collections4.bag.TreeBagTest" time="0"/>
  <testcase name="testEmptyBagCompatibility" classname="org.apache.commons.collections4.bag.TreeBagTest" time="0"/>
  <testcase name="testFullBagCompatibility" classname="org.apache.commons.collections4.bag.TreeBagTest" time="0"/>
  <testcase name="testToArray" classname="org.apache.commons.collections4.bag.TreeBagTest" time="0"/>
  <testcase name="testToArrayPopulate" classname="org.apache.commons.collections4.bag.TreeBagTest" time="0"/>
  <testcase name="testSize" classname="org.apache.commons.collections4.bag.TreeBagTest" time="0.001"/>
  <testcase name="testRetainAll" classname="org.apache.commons.collections4.bag.TreeBagTest" time="0"/>
  <testcase name="testContainsAll" classname="org.apache.commons.collections4.bag.TreeBagTest" time="0"/>
  <testcase name="testIteratorRemoveProtectsInvariants" classname="org.apache.commons.collections4.bag.TreeBagTest" time="0"/>
  <testcase name="testIteratorFailDoubleRemove" classname="org.apache.commons.collections4.bag.TreeBagTest" time="0"/>
  <testcase name="testContains" classname="org.apache.commons.collections4.bag.TreeBagTest" time="0"/>
  <testcase name="testBagEqualsSelf" classname="org.apache.commons.collections4.bag.TreeBagTest" time="0"/>
  <testcase name="testHashCode" classname="org.apache.commons.collections4.bag.TreeBagTest" time="0"/>
  <testcase name="testEmptyBagSerialization" classname="org.apache.commons.collections4.bag.TreeBagTest" time="0"/>
  <testcase name="testBagAdd" classname="org.apache.commons.collections4.bag.TreeBagTest" time="0"/>
  <testcase name="testEquals" classname="org.apache.commons.collections4.bag.TreeBagTest" time="0"/>
  <testcase name="testEqualsHashBag" classname="org.apache.commons.collections4.bag.TreeBagTest" time="0.001"/>
  <testcase name="testIteratorFail" classname="org.apache.commons.collections4.bag.TreeBagTest" time="0"/>
  <testcase name="testFullBagSerialization" classname="org.apache.commons.collections4.bag.TreeBagTest" time="0.001"/>
  <testcase name="testRemove" classname="org.apache.commons.collections4.bag.TreeBagTest" time="0"/>
  <testcase name="testIterator" classname="org.apache.commons.collections4.bag.TreeBagTest" time="0"/>
  <testcase name="testRemoveAll" classname="org.apache.commons.collections4.bag.TreeBagTest" time="0"/>
  <testcase name="testObjectEqualsSelf" classname="org.apache.commons.collections4.bag.TreeBagTest" time="0"/>
  <testcase name="testCanonicalFullCollectionExists" classname="org.apache.commons.collections4.bag.TreeBagTest" time="0"/>
  <testcase name="testEqualsNull" classname="org.apache.commons.collections4.bag.TreeBagTest" time="0"/>
  <testcase name="testCanonicalEmptyCollectionExists" classname="org.apache.commons.collections4.bag.TreeBagTest" time="0"/>
  <testcase name="testSimpleSerialization" classname="org.apache.commons.collections4.bag.TreeBagTest" time="0"/>
  <testcase name="testObjectHashCodeEqualsContract" classname="org.apache.commons.collections4.bag.TreeBagTest" time="0"/>
  <testcase name="testObjectHashCodeEqualsSelfHashCode" classname="org.apache.commons.collections4.bag.TreeBagTest" time="0"/>
  <testcase name="testSerializeDeserializeThenCompare" classname="org.apache.commons.collections4.bag.TreeBagTest" time="0"/>
</testsuite>