<?xml version="1.0" encoding="UTF-8"?>
<testsuite name="org.apache.commons.collections4.bidimap.DualHashBidiMapTest" time="0.607" tests="362" errors="0" skipped="0" failures="0">
  <properties>
[...]
</properties>
  <testcase name="testBidiPut" classname="org.apache.commons.collections4.bidimap.DualHashBidiMapTest" time="0.005"/>
  <testcase name="testBidiGetKey" classname="org.apache.commons.collections4.bidimap.DualHashBidiMapTest" time="0"/>
  <testcase name="testBidiGetKeyInverse" classname="org.apache.commons.collections4.bidimap.DualHashBidiMapTest" time="0"/>
  <testcase name="testBidiInverse" classname="org.apache.commons.collections4.bidimap.DualHashBidiMapTest" time="0"/>
  <testcase name="testBidiModifyEntrySet" classname="org.apache.commons.collections4.bidimap.DualHashBidiMapTest" time="0.01"/>
  <testcase name="testBidiClear" classname="org.apache.commons.collections4.bidimap.DualHashBidiMapTest" time="0"/>
  <testcase name="testBidiRemove" classname="org.apache.commons.collections4.bidimap.DualHashBidiMapTest" time="0.001"/>
  <testcase name="testBidiKeySetValuesOrder" classname="org.apache.commons.collections4.bidimap.DualHashBidiMapTest" time="0.007"/>
  <testcase name="testBidiRemoveByKeySet" classname="org.apache.commons.collections4.bidimap.DualHashBidiMapTest" time="0"/>
  <testcase name="testBidiRemoveByEntrySet" classname="org.apache.commons.collections4.bidimap.DualHashBidiMapTest" time="0"/>
  <testcase name="testMapEntrySetIteratorEntrySetValueCrossCheck" classname="org.apache.commons.collections4.bidimap.AbstractBidiMapTest$TestBidiMapEntrySet" time="0.004"/>
  <testcase name="testMapEntrySetIteratorEntry" classname="org.apache.commons.collections4.bidimap.AbstractBidiMapTest$TestBidiMapEntrySet" time="0.001"/>
  <testcase name="testMapEntrySetIteratorEntrySetValue" classname="org.apache.commons.collections4.bidimap.AbstractBidiMapTest$TestBidiMapEntrySet" time="0.011"/>
  <testcase name="testMapEntrySetRemoveNonMapEntry" classname="org.apache.commons.collections4.bidimap.AbstractBidiMapTest$TestBidiMapEntrySet" time="0"/>
  <testcase name="testSetEquals" classname="org.apache.commons.collections4.bidimap.AbstractBidiMapTest$TestBidiMapEntrySet" time="0.005"/>
  <testcase name="testSetHashCode" classname="org.apache.commons.collections4.bidimap.AbstractBidiMapTest$TestBidiMapEntrySet" time="0"/>
  <testcase name="testCollectionAdd" classname="org.apache.commons.collections4.bidimap.AbstractBidiMapTest$TestBidiMapEntrySet" time="0"/>
  <testcase name="testCollectionAddAll" classname="org.apache.commons.collections4.bidimap.AbstractBidiMapTest$TestBidiMapEntrySet" time="0"/>
  <testcase name="testUnsupportedAdd" classname="org.apache.commons.collections4.bidimap.AbstractBidiMapTest$TestBidiMapEntrySet" time="0.009"/>
  <testcase name="testCollectionClear" classname="org.apache.commons.collections4.bidimap.AbstractBidiMapTest$TestBidiMapEntrySet" time="0.001"/>
  <testcase name="testCollectionContains" classname="org.apache.commons.collections4.bidimap.AbstractBidiMapTest$TestBidiMapEntrySet" time="0.005"/>
  <testcase name="testCollectionContainsAll" classname="org.apache.commons.collections4.bidimap.AbstractBidiMapTest$TestBidiMapEntrySet" time="0.02"/>
  <testcase name="testCollectionIsEmpty" classname="org.apache.commons.collections4.bidimap.AbstractBidiMapTest$TestBidiMapEntrySet" time="0.001"/>
  <testcase name="testCollectionIterator" classname="org.apache.commons.collections4.bidimap.AbstractBidiMapTest$TestBidiMapEntrySet" time="0.006"/>
  <testcase name="testCollectionRemove" classname="org.apache.commons.collections4.bidimap.AbstractBidiMapTest$TestBidiMapEntrySet" time="0.094"/>
  <testcase name="testCollectionIteratorRemove" classname="org.apache.commons.collections4.bidimap.AbstractBidiMapTest$TestBidiMapEntrySet" time="0.009"/>
  <testcase name="testCollectionRemoveAll" classname="org.apache.commons.collections4.bidimap.AbstractBidiMapTest$TestBidiMapEntrySet" time="0.015"/>
  <testcase name="testCollectionRetainAll" classname="org.apache.commons.collections4.bidimap.AbstractBidiMapTest$TestBidiMapEntrySet" time="0.019"/>
  <testcase name="testCollectionSize" classname="org.apache.commons.collections4.bidimap.AbstractBidiMapTest$TestBidiMapEntrySet" time="0"/>
  <testcase name="testCollectionToArray" classname="org.apache.commons.collections4.bidimap.AbstractBidiMapTest$TestBidiMapEntrySet" time="0"/>
  <testcase name="testCollectionToArray2" classname="org.apache.commons.collections4.bidimap.AbstractBidiMapTest$TestBidiMapEntrySet" time="0.006"/>
  <testcase name="testCollectionToString" classname="org.apache.commons.collections4.bidimap.AbstractBidiMapTest$TestBidiMapEntrySet" time="0"/>
  <testcase name="testUnsupportedRemove" classname="org.apache.commons.collections4.bidimap.AbstractBidiMapTest$TestBidiMapEntrySet" time="0"/>
  <testcase name="testCollectionIteratorFailFast" classname="org.apache.commons.collections4.bidimap.AbstractBidiMapTest$TestBidiMapEntrySet" time="0"/>
  <testcase name="testSerializeDeserializeThenCompare" classname="org.apache.commons.collections4.bidimap.AbstractBidiMapTest$TestBidiMapEntrySet" time="0"/>
  <testcase name="testObjectEqualsSelf" classname="org.apache.commons.collections4.bidimap.AbstractBidiMapTest$TestBidiMapEntrySet" time="0"/>
  <testcase name="testEqualsNull" classname="org.apache.commons.collections4.bidimap.AbstractBidiMapTest$TestBidiMapEntrySet" time="0"/>
  <testcase name="testObjectHashCodeEqualsSelfHashCode" classname="org.apache.commons.collections4.bidimap.AbstractBidiMapTest$TestBidiMapEntrySet" time="0"/>
  <testcase name="testObjectHashCodeEqualsContract" classname="org.apache.commons.collections4.bidimap.AbstractBidiMapTest$TestBidiMapEntrySet" time="0"/>
  <testcase name="testSimpleSerialization" classname="org.apache.commons.collections4.bidimap.AbstractBidiMapTest$TestBidiMapEntrySet" time="0"/>
  <testcase name="testCanonicalEmptyCollectionExists" classname="org.apache.commons.collections4.bidimap.AbstractBidiMapTest$TestBidiMapEntrySet" time="0"/>
  <testcase name="testCanonicalFullCollectionExists" classname="org.apache.commons.collections4.bidimap.AbstractBidiMapTest$TestBidiMapEntrySet" time="0"/>
  <testcase name="testBidiPut" classname="org.apache.commons.collections4.bidimap.AbstractBidiMapTest$TestInverseBidiMap" time="0.001"/>
  <testcase name="testBidiGetKey" classname="org.apache.commons.collections4.bidimap.AbstractBidiMapTest$TestInverseBidiMap" time="0"/>
  <testcase name="testBidiGetKeyInverse" classname="org.apache.commons.collections4.bidimap.AbstractBidiMapTest$TestInverseBidiMap" time="0"/>
  <testcase name="testBidiInverse" classname="org.apache.commons.collections4.bidimap.AbstractBidiMapTest$TestInverseBidiMap" time="0"/>
  <testcase name="testBidiModifyEntrySet" classname="org.apache.commons.collections4.bidimap.AbstractBidiMapTest$TestInverseBidiMap" time="0"/>
  <testcase name="testBidiClear" classname="org.apache.commons.collections4.bidimap.AbstractBidiMapTest$TestInverseBidiMap" time="0"/>
  <testcase name="testBidiRemove" classname="org.apache.commons.collections4.bidimap.AbstractBidiMapTest$TestInverseBidiMap" time="0.002"/>
  <testcase name="testBidiKeySetValuesOrder" classname="org.apache.commons.collections4.bidimap.AbstractBidiMapTest$TestInverseBidiMap" time="0"/>
  <testcase name="testBidiRemoveByKeySet" classname="org.apache.commons.collections4.bidimap.AbstractBidiMapTest$TestInverseBidiMap" time="0"/>
  <testcase name="testBidiRemoveByEntrySet" classname="org.apache.commons.collections4.bidimap.AbstractBidiMapTest$TestInverseBidiMap" time="0"/>
  <testcase name="testMapEntrySetIteratorEntrySetValueCrossCheck" classname="org.apache.commons.collections4.bidimap.AbstractBidiMapTest$TestBidiMapEntrySet" time="0"/>
  <testcase name="testMapEntrySetIteratorEntry" classname="org.apache.commons.collections4.bidimap.AbstractBidiMapTest$TestBidiMapEntrySet" time="0.001"/>
  <testcase name="testMapEntrySetIteratorEntrySetValue" classname="org.apache.commons.collections4.bidimap.AbstractBidiMapTest$TestBidiMapEntrySet" time="0.006"/>
  <testcase name="testMapEntrySetRemoveNonMapEntry" classname="org.apache.commons.collections4.bidimap.AbstractBidiMapTest$TestBidiMapEntrySet" time="0"/>
  <testcase name="testSetEquals" classname="org.apache.commons.collections4.bidimap.AbstractBidiMapTest$TestBidiMapEntrySet" time="0"/>
  <testcase name="testSetHashCode" classname="org.apache.commons.collections4.bidimap.AbstractBidiMapTest$TestBidiMapEntrySet" time="0"/>
  <testcase name="testCollectionAdd" classname="org.apache.commons.collections4.bidimap.AbstractBidiMapTest$TestBidiMapEntrySet" time="0"/>
  <testcase name="testCollectionAddAll" classname="org.apache.commons.collections4.bidimap.AbstractBidiMapTest$TestBidiMapEntrySet" time="0"/>
  <testcase name="testUnsupportedAdd" classname="org.apache.commons.collections4.bidimap.AbstractBidiMapTest$TestBidiMapEntrySet" time="0.004"/>
  <testcase name="testCollectionClear" classname="org.apache.commons.collections4.bidimap.AbstractBidiMapTest$TestBidiMapEntrySet" time="0"/>
  <testcase name="testCollectionContains" classname="org.apache.commons.collections4.bidimap.AbstractBidiMapTest$TestBidiMapEntrySet" time="0.005"/>
  <testcase name="testCollectionContainsAll" classname="org.apache.commons.collections4.bidimap.AbstractBidiMapTest$TestBidiMapEntrySet" time="0"/>
  <testcase name="testCollectionIsEmpty" classname="org.apache.commons.collections4.bidimap.AbstractBidiMapTest$TestBidiMapEntrySet" time="0"/>
  <testcase name="testCollectionIterator" classname="org.apache.commons.collections4.bidimap.AbstractBidiMapTest$TestBidiMapEntrySet" time="0.001"/>
  <testcase name="testCollectionRemove" classname="org.apache.commons.collections4.bidimap.AbstractBidiMapTest$TestBidiMapEntrySet" time="0.023"/>
  <testcase name="testCollectionIteratorRemove" classname="org.apache.commons.collections4.bidimap.AbstractBidiMapTest$TestBidiMapEntrySet" time="0.005"/>
  <testcase name="testCollectionRemoveAll" classname="org.apache.commons.collections4.bidimap.AbstractBidiMapTest$TestBidiMapEntrySet" time="0.002"/>
  <testcase name="testCollectionRetainAll" classname="org.apache.commons.collections4.bidimap.AbstractBidiMapTest$TestBidiMapEntrySet" time="0.003"/>
  <testcase name="testCollectionSize" classname="org.apache.commons.collections4.bidimap.AbstractBidiMapTest$TestBidiMapEntrySet" time="0"/>
  <testcase name="testCollectionToArray" classname="org.apache.commons.collections4.bidimap.AbstractBidiMapTest$TestBidiMapEntrySet" time="0.001"/>
  <testcase name="testCollectionToArray2" classname="org.apache.commons.collections4.bidimap.AbstractBidiMapTest$TestBidiMapEntrySet" time="0.001"/>
  <testcase name="testCollectionToString" classname="org.apache.commons.collections4.bidimap.AbstractBidiMapTest$TestBidiMapEntrySet" time="0.001"/>
  <testcase name="testUnsupportedRemove" classname="org.apache.commons.collections4.bidimap.AbstractBidiMapTest$TestBidiMapEntrySet" time="0"/>
  <testcase name="testCollectionIteratorFailFast" classname="org.apache.commons.collections4.bidimap.AbstractBidiMapTest$TestBidiMapEntrySet" time="0"/>
  <testcase name="testSerializeDeserializeThenCompare" classname="org.apache.commons.collections4.bidimap.AbstractBidiMapTest$TestBidiMapEntrySet" time="0"/>
  <testcase name="testObjectEqualsSelf" classname="org.apache.commons.collections4.bidimap.AbstractBidiMapTest$TestBidiMapEntrySet" time="0.001"/>
  <testcase name="testEqualsNull" classname="org.apache.commons.collections4.bidimap.AbstractBidiMapTest$TestBidiMapEntrySet" time="0"/>
  <testcase name="testObjectHashCodeEqualsSelfHashCode" classname="org.apache.commons.collections4.bidimap.AbstractBidiMapTest$TestBidiMapEntrySet" time="0"/>
  <testcase name="testObjectHashCodeEqualsContract" classname="org.apache.commons.collections4.bidimap.AbstractBidiMapTest$TestBidiMapEntrySet" time="0"/>
  <testcase name="testSimpleSerialization" classname="org.apache.commons.collections4.bidimap.AbstractBidiMapTest$TestBidiMapEntrySet" time="0"/>
  <testcase name="testCanonicalEmptyCollectionExists" classname="org.apache.commons.collections4.bidimap.AbstractBidiMapTest$TestBidiMapEntrySet" time="0"/>
  <testcase name="testCanonicalFullCollectionExists" classname="org.apache.commons.collections4.bidimap.AbstractBidiMapTest$TestBidiMapEntrySet" time="0"/>
  <testcase name="testRemove" classname="org.apache.commons.collections4.bidimap.AbstractBidiMapTest$TestBidiMapIterator" time="0.006"/>
  <testcase name="testEmptyMapIterator" classname="org.apache.commons.collections4.bidimap.AbstractBidiMapTest$TestBidiMapIterator" time="0"/>
  <testcase name="testFullMapIterator" classname="org.apache.commons.collections4.bidimap.AbstractBidiMapTest$TestBidiMapIterator" time="0.005"/>
  <testcase name="testMapIteratorSet" classname="org.apache.commons.collections4.bidimap.AbstractBidiMapTest$TestBidiMapIterator" time="0.001"/>
  <testcase name="testMapIteratorSetRemoveSet" classname="org.apache.commons.collections4.bidimap.AbstractBidiMapTest$TestBidiMapIterator" time="0.002"/>
  <testcase name="testMapIteratorRemoveGetKey" classname="org.apache.commons.collections4.bidimap.AbstractBidiMapTest$TestBidiMapIterator" time="0"/>
  <testcase name="testMapIteratorRemoveGetValue" classname="org.apache.commons.collections4.bidimap.AbstractBidiMapTest$TestBidiMapIterator" time="0"/>
  <testcase name="testEmptyIterator" classname="org.apache.commons.collections4.bidimap.AbstractBidiMapTest$TestBidiMapIterator" time="0.002"/>
  <testcase name="testFullIterator" classname="org.apache.commons.collections4.bidimap.AbstractBidiMapTest$TestBidiMapIterator" time="0.016"/>
  <testcase name="testSerializeDeserializeThenCompare" classname="org.apache.commons.collections4.bidimap.AbstractBidiMapTest$TestBidiMapIterator" time="0.002"/>
  <testcase name="testObjectEqualsSelf" classname="org.apache.commons.collections4.bidimap.AbstractBidiMapTest$TestBidiMapIterator" time="0"/>
  <testcase name="testEqualsNull" classname="org.apache.commons.collections4.bidimap.AbstractBidiMapTest$TestBidiMapIterator" time="0.002"/>
  <testcase name="testObjectHashCodeEqualsSelfHashCode" classname="org.apache.commons.collections4.bidimap.AbstractBidiMapTest$TestBidiMapIterator" time="0"/>
  <testcase name="testObjectHashCodeEqualsContract" classname="org.apache.commons.collections4.bidimap.AbstractBidiMapTest$TestBidiMapIterator" time="0"/>
  <testcase name="testSimpleSerialization" classname="org.apache.commons.collections4.bidimap.AbstractBidiMapTest$TestBidiMapIterator" time="0"/>
  <testcase name="testCanonicalEmptyCollectionExists" classname="org.apache.commons.collections4.bidimap.AbstractBidiMapTest$TestBidiMapIterator" time="0"/>
  <testcase name="testCanonicalFullCollectionExists" classname="org.apache.commons.collections4.bidimap.AbstractBidiMapTest$TestBidiMapIterator" time="0"/>
  <testcase name="testBidiMapIteratorSet" classname="org.apache.commons.collections4.bidimap.AbstractBidiMapTest$TestInverseBidiMap" time="0"/>
  <testcase name="testFailFastEntrySet" classname="org.apache.commons.collections4.bidimap.AbstractBidiMapTest$TestInverseBidiMap" time="0.001"/>
  <testcase name="testFailFastKeySet" classname="org.apache.commons.collections4.bidimap.AbstractBidiMapTest$TestInverseBidiMap" time="0"/>
  <testcase name="testFailFastValues" classname="org.apache.commons.collections4.bidimap.AbstractBidiMapTest$TestInverseBidiMap" time="0"/>
  <testcase name="testRemove" classname="org.apache.commons.collections4.map.AbstractIterableMapTest$InnerTestMapIterator" time="0.003"/>
  <testcase name="testEmptyMapIterator" classname="org.apache.commons.collections4.map.AbstractIterableMapTest$InnerTestMapIterator" time="0"/>
  <testcase name="testFullMapIterator" classname="org.apache.commons.collections4.map.AbstractIterableMapTest$InnerTestMapIterator" time="0.044"/>
  <testcase name="testMapIteratorSet" classname="org.apache.commons.collections4.map.AbstractIterableMapTest$InnerTestMapIterator" time="0.001"/>
  <testcase name="testMapIteratorSetRemoveSet" classname="org.apache.commons.collections4.map.AbstractIterableMapTest$InnerTestMapIterator" time="0"/>
  <testcase name="testMapIteratorRemoveGetKey" classname="org.apache.commons.collections4.map.AbstractIterableMapTest$InnerTestMapIterator" time="0.001"/>
  <testcase name="testMapIteratorRemoveGetValue" classname="org.apache.commons.collections4.map.AbstractIterableMapTest$InnerTestMapIterator" time="0.001"/>
  <testcase name="testEmptyIterator" classname="org.apache.commons.collections4.map.AbstractIterableMapTest$InnerTestMapIterator" time="0.001"/>
  <testcase name="testFullIterator" classname="org.apache.commons.collections4.map.AbstractIterableMapTest$InnerTestMapIterator" time="0.013"/>
  <testcase name="testSerializeDeserializeThenCompare" classname="org.apache.commons.collections4.map.AbstractIterableMapTest$InnerTestMapIterator" time="0"/>
  <testcase name="testObjectEqualsSelf" classname="org.apache.commons.collections4.map.AbstractIterableMapTest$InnerTestMapIterator" time="0"/>
  <testcase name="testEqualsNull" classname="org.apache.commons.collections4.map.AbstractIterableMapTest$InnerTestMapIterator" time="0"/>
  <testcase name="testObjectHashCodeEqualsSelfHashCode" classname="org.apache.commons.collections4.map.AbstractIterableMapTest$InnerTestMapIterator" time="0"/>
  <testcase name="testObjectHashCodeEqualsContract" classname="org.apache.commons.collections4.map.AbstractIterableMapTest$InnerTestMapIterator" time="0"/>
  <testcase name="testSimpleSerialization" classname="org.apache.commons.collections4.map.AbstractIterableMapTest$InnerTestMapIterator" time="0"/>
  <testcase name="testCanonicalEmptyCollectionExists" classname="org.apache.commons.collections4.map.AbstractIterableMapTest$InnerTestMapIterator" time="0"/>
  <testcase name="testCanonicalFullCollectionExists" classname="org.apache.commons.collections4.map.AbstractIterableMapTest$InnerTestMapIterator" time="0.001"/>
  <testcase name="testSampleMappings" classname="org.apache.commons.collections4.bidimap.AbstractBidiMapTest$TestInverseBidiMap" time="0.001"/>
  <testcase name="testMakeMap" classname="org.apache.commons.collections4.bidimap.AbstractBidiMapTest$TestInverseBidiMap" time="0"/>
  <testcase name="testMapIsEmpty" classname="org.apache.commons.collections4.bidimap.AbstractBidiMapTest$TestInverseBidiMap" time="0"/>
  <testcase name="testMapSize" classname="org.apache.commons.collections4.bidimap.AbstractBidiMapTest$TestInverseBidiMap" time="0.004"/>
  <testcase name="testMapClear" classname="org.apache.commons.collections4.bidimap.AbstractBidiMapTest$TestInverseBidiMap" time="0"/>
  <testcase name="testMapContainsKey" classname="org.apache.commons.collections4.bidimap.AbstractBidiMapTest$TestInverseBidiMap" time="0"/>
  <testcase name="testMapContainsValue" classname="org.apache.commons.collections4.bidimap.AbstractBidiMapTest$TestInverseBidiMap" time="0"/>
  <testcase name="testMapEquals" classname="org.apache.commons.collections4.bidimap.AbstractBidiMapTest$TestInverseBidiMap" time="0.001"/>
  <testcase name="testMapGet" classname="org.apache.commons.collections4.bidimap.AbstractBidiMapTest$TestInverseBidiMap" time="0.003"/>
  <testcase name="testMapHashCode" classname="org.apache.commons.collections4.bidimap.AbstractBidiMapTest$TestInverseBidiMap" time="0"/>
  <testcase name="testMapToString" classname="org.apache.commons.collections4.bidimap.AbstractBidiMapTest$TestInverseBidiMap" time="0"/>
  <testcase name="testEmptyMapCompatibility" classname="org.apache.commons.collections4.bidimap.AbstractBidiMapTest$TestInverseBidiMap" time="0.001"/>
  <testcase name="testFullMapCompatibility" classname="org.apache.commons.collections4.bidimap.AbstractBidiMapTest$TestInverseBidiMap" time="0.002"/>
  <testcase name="testMapPut" classname="org.apache.commons.collections4.bidimap.AbstractBidiMapTest$TestInverseBidiMap" time="0.011"/>
  <testcase name="testMapPutNullKey" classname="org.apache.commons.collections4.bidimap.AbstractBidiMapTest$TestInverseBidiMap" time="0"/>
  <testcase name="testMapPutNullValue" classname="org.apache.commons.collections4.bidimap.AbstractBidiMapTest$TestInverseBidiMap" time="0"/>
  <testcase name="testMapPutAll" classname="org.apache.commons.collections4.bidimap.AbstractBidiMapTest$TestInverseBidiMap" time="0"/>
  <testcase name="testMapRemove" classname="org.apache.commons.collections4.bidimap.AbstractBidiMapTest$TestInverseBidiMap" time="0.003"/>
  <testcase name="testValuesClearChangesMap" classname="org.apache.commons.collections4.bidimap.AbstractBidiMapTest$TestInverseBidiMap" time="0.001"/>
  <testcase name="testKeySetClearChangesMap" classname="org.apache.commons.collections4.bidimap.AbstractBidiMapTest$TestInverseBidiMap" time="0"/>
  <testcase name="testEntrySetClearChangesMap" classname="org.apache.commons.collections4.bidimap.AbstractBidiMapTest$TestInverseBidiMap" time="0"/>
  <testcase name="testEntrySetContains1" classname="org.apache.commons.collections4.bidimap.AbstractBidiMapTest$TestInverseBidiMap" time="0"/>
  <testcase name="testEntrySetContains2" classname="org.apache.commons.collections4.bidimap.AbstractBidiMapTest$TestInverseBidiMap" time="0"/>
  <testcase name="testEntrySetContains3" classname="org.apache.commons.collections4.bidimap.AbstractBidiMapTest$TestInverseBidiMap" time="0.002"/>
  <testcase name="testEntrySetRemove1" classname="org.apache.commons.collections4.bidimap.AbstractBidiMapTest$TestInverseBidiMap" time="0"/>
  <testcase name="testEntrySetRemove2" classname="org.apache.commons.collections4.bidimap.AbstractBidiMapTest$TestInverseBidiMap" time="0"/>
  <testcase name="testEntrySetRemove3" classname="org.apache.commons.collections4.bidimap.AbstractBidiMapTest$TestInverseBidiMap" time="0"/>
  <testcase name="testValuesRemoveChangesMap" classname="org.apache.commons.collections4.bidimap.AbstractBidiMapTest$TestInverseBidiMap" time="0.001"/>
  <testcase name="testValuesRemoveAll" classname="org.apache.commons.collections4.bidimap.AbstractBidiMapTest$TestInverseBidiMap" time="0"/>
  <testcase name="testValuesRetainAll" classname="org.apache.commons.collections4.bidimap.AbstractBidiMapTest$TestInverseBidiMap" time="0"/>
  <testcase name="testValuesIteratorRemoveChangesMap" classname="org.apache.commons.collections4.bidimap.AbstractBidiMapTest$TestInverseBidiMap" time="0.011"/>
  <testcase name="testKeySetRemoveChangesMap" classname="org.apache.commons.collections4.bidimap.AbstractBidiMapTest$TestInverseBidiMap" time="0"/>
  <testcase name="testKeySetRemoveAll" classname="org.apache.commons.collections4.bidimap.AbstractBidiMapTest$TestInverseBidiMap" time="0.001"/>
  <testcase name="testKeySetRetainAll" classname="org.apache.commons.collections4.bidimap.AbstractBidiMapTest$TestInverseBidiMap" time="0"/>
  <testcase name="testKeySetIteratorRemoveChangesMap" classname="org.apache.commons.collections4.bidimap.AbstractBidiMapTest$TestInverseBidiMap" time="0.001"/>
  <testcase name="testEntrySetRemoveChangesMap" classname="org.apache.commons.collections4.bidimap.AbstractBidiMapTest$TestInverseBidiMap" time="0.006"/>
  <testcase name="testEntrySetRemoveAll" classname="org.apache.commons.collections4.bidimap.AbstractBidiMapTest$TestInverseBidiMap" time="0.009"/>
  <testcase name="testEntrySetRetainAll" classname="org.apache.commons.collections4.bidimap.AbstractBidiMapTest$TestInverseBidiMap" time="0"/>
  <testcase name="testEntrySetIteratorRemoveChangesMap" classname="org.apache.commons.collections4.bidimap.AbstractBidiMapTest$TestInverseBidiMap" time="0"/>
  <testcase name="testSetEquals" classname="org.apache.commons.collections4.map.AbstractMapTest$TestMapKeySet" time="0"/>
  <testcase name="testSetHashCode" classname="org.apache.commons.collections4.map.AbstractMapTest$TestMapKeySet" time="0"/>
  <testcase name="testCollectionAdd" classname="org.apache.commons.collections4.map.AbstractMapTest$TestMapKeySet" time="0"/>
  <testcase name="testCollectionAddAll" classname="org.apache.commons.collections4.map.AbstractMapTest$TestMapKeySet" time="0"/>
  <testcase name="testUnsupportedAdd" classname="org.apache.commons.collections4.map.AbstractMapTest$TestMapKeySet" time="0"/>
  <testcase name="testCollectionClear" classname="org.apache.commons.collections4.map.AbstractMapTest$TestMapKeySet" time="0"/>
  <testcase name="testCollectionContains" classname="org.apache.commons.collections4.map.AbstractMapTest$TestMapKeySet" time="0"/>
  <testcase name="testCollectionContainsAll" classname="org.apache.commons.collections4.map.AbstractMapTest$TestMapKeySet" time="0"/>
  <testcase name="testCollectionIsEmpty" classname="org.apache.commons.collections4.map.AbstractMapTest$TestMapKeySet" time="0.001"/>
  <testcase name="testCollectionIterator" classname="org.apache.commons.collections4.map.AbstractMapTest$TestMapKeySet" time="0.001"/>
  <testcase name="testCollectionRemove" classname="org.apache.commons.collections4.map.AbstractMapTest$TestMapKeySet" time="0.012"/>
  <testcase name="testCollectionIteratorRemove" classname="org.apache.commons.collections4.map.AbstractMapTest$TestMapKeySet" time="0.004"/>
  <testcase name="testCollectionRemoveAll" classname="org.apache.commons.collections4.map.AbstractMapTest$TestMapKeySet" time="0"/>
  <testcase name="testCollectionRetainAll" classname="org.apache.commons.collections4.map.AbstractMapTest$TestMapKeySet" time="0.003"/>
  <testcase name="testCollectionSize" classname="org.apache.commons.collections4.map.AbstractMapTest$TestMapKeySet" time="0"/>
  <testcase name="testCollectionToArray" classname="org.apache.commons.collections4.map.AbstractMapTest$TestMapKeySet" time="0"/>
  <testcase name="testCollectionToArray2" classname="org.apache.commons.collections4.map.AbstractMapTest$TestMapKeySet" time="0.002"/>
  <testcase name="testCollectionToString" classname="org.apache.commons.collections4.map.AbstractMapTest$TestMapKeySet" time="0"/>
  <testcase name="testUnsupportedRemove" classname="org.apache.commons.collections4.map.AbstractMapTest$TestMapKeySet" time="0"/>
  <testcase name="testCollectionIteratorFailFast" classname="org.apache.commons.collections4.map.AbstractMapTest$TestMapKeySet" time="0"/>
  <testcase name="testSerializeDeserializeThenCompare" classname="org.apache.commons.collections4.map.AbstractMapTest$TestMapKeySet" time="0"/>
  <testcase name="testObjectEqualsSelf" classname="org.apache.commons.collections4.map.AbstractMapTest$TestMapKeySet" time="0"/>
  <testcase name="testEqualsNull" classname="org.apache.commons.collections4.map.AbstractMapTest$TestMapKeySet" time="0"/>
  <testcase name="testObjectHashCodeEqualsSelfHashCode" classname="org.apache.commons.collections4.map.AbstractMapTest$TestMapKeySet" time="0.001"/>
  <testcase name="testObjectHashCodeEqualsContract" classname="org.apache.commons.collections4.map.AbstractMapTest$TestMapKeySet" time="0.004"/>
  <testcase name="testSimpleSerialization" classname="org.apache.commons.collections4.map.AbstractMapTest$TestMapKeySet" time="0"/>
  <testcase name="testCanonicalEmptyCollectionExists" classname="org.apache.commons.collections4.map.AbstractMapTest$TestMapKeySet" time="0"/>
  <testcase name="testCanonicalFullCollectionExists" classname="org.apache.commons.collections4.map.AbstractMapTest$TestMapKeySet" time="0"/>
  <testcase name="testCollectionAdd" classname="org.apache.commons.collections4.map.AbstractMapTest$TestMapValues" time="0"/>
  <testcase name="testCollectionAddAll" classname="org.apache.commons.collections4.map.AbstractMapTest$TestMapValues" time="0"/>
  <testcase name="testUnsupportedAdd" classname="org.apache.commons.collections4.map.AbstractMapTest$TestMapValues" time="0"/>
  <testcase name="testCollectionClear" classname="org.apache.commons.collections4.map.AbstractMapTest$TestMapValues" time="0"/>
  <testcase name="testCollectionContains" classname="org.apache.commons.collections4.map.AbstractMapTest$TestMapValues" time="0"/>
  <testcase name="testCollectionContainsAll" classname="org.apache.commons.collections4.map.AbstractMapTest$TestMapValues" time="0.005"/>
  <testcase name="testCollectionIsEmpty" classname="org.apache.commons.collections4.map.AbstractMapTest$TestMapValues" time="0"/>
  <testcase name="testCollectionIterator" classname="org.apache.commons.collections4.map.AbstractMapTest$TestMapValues" time="0"/>
  <testcase name="testCollectionRemove" classname="org.apache.commons.collections4.map.AbstractMapTest$TestMapValues" time="0.006"/>
  <testcase name="testCollectionIteratorRemove" classname="org.apache.commons.collections4.map.AbstractMapTest$TestMapValues" time="0.001"/>
  <testcase name="testCollectionRemoveAll" classname="org.apache.commons.collections4.map.AbstractMapTest$TestMapValues" time="0.004"/>
  <testcase name="testCollectionRetainAll" classname="org.apache.commons.collections4.map.AbstractMapTest$TestMapValues" time="0"/>
  <testcase name="testCollectionSize" classname="org.apache.commons.collections4.map.AbstractMapTest$TestMapValues" time="0"/>
  <testcase name="testCollectionToArray" classname="org.apache.commons.collections4.map.AbstractMapTest$TestMapValues" time="0.001"/>
  <testcase name="testCollectionToArray2" classname="org.apache.commons.collections4.map.AbstractMapTest$TestMapValues" time="0.003"/>
  <testcase name="testCollectionToString" classname="org.apache.commons.collections4.map.AbstractMapTest$TestMapValues" time="0"/>
  <testcase name="testUnsupportedRemove" classname="org.apache.commons.collections4.map.AbstractMapTest$TestMapValues" time="0"/>
  <testcase name="testCollectionIteratorFailFast" classname="org.apache.commons.collections4.map.AbstractMapTest$TestMapValues" time="0"/>
  <testcase name="testSerializeDeserializeThenCompare" classname="org.apache.commons.collections4.map.AbstractMapTest$TestMapValues" time="0"/>
  <testcase name="testObjectEqualsSelf" classname="org.apache.commons.collections4.map.AbstractMapTest$TestMapValues" time="0"/>
  <testcase name="testEqualsNull" classname="org.apache.commons.collections4.map.AbstractMapTest$TestMapValues" time="0"/>
  <testcase name="testObjectHashCodeEqualsSelfHashCode" classname="org.apache.commons.collections4.map.AbstractMapTest$TestMapValues" time="0"/>
  <testcase name="testObjectHashCodeEqualsContract" classname="org.apache.commons.collections4.map.AbstractMapTest$TestMapValues" time="0"/>
  <testcase name="testSimpleSerialization" classname="org.apache.commons.collections4.map.AbstractMapTest$TestMapValues" time="0"/>
  <testcase name="testCanonicalEmptyCollectionExists" classname="org.apache.commons.collections4.map.AbstractMapTest$TestMapValues" time="0"/>
  <testcase name="testCanonicalFullCollectionExists" classname="org.apache.commons.collections4.map.AbstractMapTest$TestMapValues" time="0.001"/>
  <testcase name="testSerializeDeserializeThenCompare" classname="org.apache.commons.collections4.bidimap.AbstractBidiMapTest$TestInverseBidiMap" time="0"/>
  <testcase name="testObjectEqualsSelf" classname="org.apache.commons.collections4.bidimap.AbstractBidiMapTest$TestInverseBidiMap" time="0"/>
  <testcase name="testEqualsNull" classname="org.apache.commons.collections4.bidimap.AbstractBidiMapTest$TestInverseBidiMap" time="0"/>
  <testcase name="testObjectHashCodeEqualsSelfHashCode" classname="org.apache.commons.collections4.bidimap.AbstractBidiMapTest$TestInverseBidiMap" time="0"/>
  <testcase name="testObjectHashCodeEqualsContract" classname="org.apache.commons.collections4.bidimap.AbstractBidiMapTest$TestInverseBidiMap" time="0"/>
  <testcase name="testSimpleSerialization" classname="org.apache.commons.collections4.bidimap.AbstractBidiMapTest$TestInverseBidiMap" time="0.005"/>
  <testcase name="testCanonicalEmptyCollectionExists" classname="org.apache.commons.collections4.bidimap.AbstractBidiMapTest$TestInverseBidiMap" time="0"/>
  <testcase name="testCanonicalFullCollectionExists" classname="org.apache.commons.collections4.bidimap.AbstractBidiMapTest$TestInverseBidiMap" time="0"/>
  <testcase name="testRemove" classname="org.apache.commons.collections4.bidimap.AbstractBidiMapTest$TestBidiMapIterator" time="0"/>
  <testcase name="testEmptyMapIterator" classname="org.apache.commons.collections4.bidimap.AbstractBidiMapTest$TestBidiMapIterator" time="0"/>
  <testcase name="testFullMapIterator" classname="org.apache.commons.collections4.bidimap.AbstractBidiMapTest$TestBidiMapIterator" time="0.004"/>
  <testcase name="testMapIteratorSet" classname="org.apache.commons.collections4.bidimap.AbstractBidiMapTest$TestBidiMapIterator" time="0"/>
  <testcase name="testMapIteratorSetRemoveSet" classname="org.apache.commons.collections4.bidimap.AbstractBidiMapTest$TestBidiMapIterator" time="0"/>
  <testcase name="testMapIteratorRemoveGetKey" classname="org.apache.commons.collections4.bidimap.AbstractBidiMapTest$TestBidiMapIterator" time="0"/>
  <testcase name="testMapIteratorRemoveGetValue" classname="org.apache.commons.collections4.bidimap.AbstractBidiMapTest$TestBidiMapIterator" time="0.001"/>
  <testcase name="testEmptyIterator" classname="org.apache.commons.collections4.bidimap.AbstractBidiMapTest$TestBidiMapIterator" time="0"/>
  <testcase name="testFullIterator" classname="org.apache.commons.collections4.bidimap.AbstractBidiMapTest$TestBidiMapIterator" time="0.004"/>
  <testcase name="testSerializeDeserializeThenCompare" classname="org.apache.commons.collections4.bidimap.AbstractBidiMapTest$TestBidiMapIterator" time="0"/>
  <testcase name="testObjectEqualsSelf" classname="org.apache.commons.collections4.bidimap.AbstractBidiMapTest$TestBidiMapIterator" time="0"/>
  <testcase name="testEqualsNull" classname="org.apache.commons.collections4.bidimap.AbstractBidiMapTest$TestBidiMapIterator" time="0"/>
  <testcase name="testObjectHashCodeEqualsSelfHashCode" classname="org.apache.commons.collections4.bidimap.AbstractBidiMapTest$TestBidiMapIterator" time="0"/>
  <testcase name="testObjectHashCodeEqualsContract" classname="org.apache.commons.collections4.bidimap.AbstractBidiMapTest$TestBidiMapIterator" time="0"/>
  <testcase name="testSimpleSerialization" classname="org.apache.commons.collections4.bidimap.AbstractBidiMapTest$TestBidiMapIterator" time="0"/>
  <testcase name="testCanonicalEmptyCollectionExists" classname="org.apache.commons.collections4.bidimap.AbstractBidiMapTest$TestBidiMapIterator" time="0.001"/>
  <testcase name="testCanonicalFullCollectionExists" classname="org.apache.commons.collections4.bidimap.AbstractBidiMapTest$TestBidiMapIterator" time="0"/>
  <testcase name="testBidiMapIteratorSet" classname="org.apache.commons.collections4.bidimap.DualHashBidiMapTest" time="0.001"/>
  <testcase name="testFailFastEntrySet" classname="org.apache.commons.collections4.bidimap.DualHashBidiMapTest" time="0.002"/>
  <testcase name="testFailFastKeySet" classname="org.apache.commons.collections4.bidimap.DualHashBidiMapTest" time="0"/>
  <testcase name="testFailFastValues" classname="org.apache.commons.collections4.bidimap.DualHashBidiMapTest" time="0"/>
  <testcase name="testRemove" classname="org.apache.commons.collections4.map.AbstractIterableMapTest$InnerTestMapIterator" time="0"/>
  <testcase name="testEmptyMapIterator" classname="org.apache.commons.collections4.map.AbstractIterableMapTest$InnerTestMapIterator" time="0"/>
  <testcase name="testFullMapIterator" classname="org.apache.commons.collections4.map.AbstractIterableMapTest$InnerTestMapIterator" time="0.011"/>
  <testcase name="testMapIteratorSet" classname="org.apache.commons.collections4.map.AbstractIterableMapTest$InnerTestMapIterator" time="0"/>
  <testcase name="testMapIteratorSetRemoveSet" classname="org.apache.commons.collections4.map.AbstractIterableMapTest$InnerTestMapIterator" time="0.003"/>
  <testcase name="testMapIteratorRemoveGetKey" classname="org.apache.commons.collections4.map.AbstractIterableMapTest$InnerTestMapIterator" time="0"/>
  <testcase name="testMapIteratorRemoveGetValue" classname="org.apache.commons.collections4.map.AbstractIterableMapTest$InnerTestMapIterator" time="0"/>
  <testcase name="testEmptyIterator" classname="org.apache.commons.collections4.map.AbstractIterableMapTest$InnerTestMapIterator" time="0"/>
  <testcase name="testFullIterator" classname="org.apache.commons.collections4.map.AbstractIterableMapTest$InnerTestMapIterator" time="0.003"/>
  <testcase name="testSerializeDeserializeThenCompare" classname="org.apache.commons.collections4.map.AbstractIterableMapTest$InnerTestMapIterator" time="0.002"/>
  <testcase name="testObjectEqualsSelf" classname="org.apache.commons.collections4.map.AbstractIterableMapTest$InnerTestMapIterator" time="0"/>
  <testcase name="testEqualsNull" classname="org.apache.commons.collections4.map.AbstractIterableMapTest$InnerTestMapIterator" time="0"/>
  <testcase name="testObjectHashCodeEqualsSelfHashCode" classname="org.apache.commons.collections4.map.AbstractIterableMapTest$InnerTestMapIterator" time="0"/>
  <testcase name="testObjectHashCodeEqualsContract" classname="org.apache.commons.collections4.map.AbstractIterableMapTest$InnerTestMapIterator" time="0"/>
  <testcase name="testSimpleSerialization" classname="org.apache.commons.collections4.map.AbstractIterableMapTest$InnerTestMapIterator" time="0"/>
  <testcase name="testCanonicalEmptyCollectionExists" classname="org.apache.commons.collections4.map.AbstractIterableMapTest$InnerTestMapIterator" time="0.001"/>
  <testcase name="testCanonicalFullCollectionExists" classname="org.apache.commons.collections4.map.AbstractIterableMapTest$InnerTestMapIterator" time="0"/>
  <testcase name="testSampleMappings" classname="org.apache.commons.collections4.bidimap.DualHashBidiMapTest" time="0"/>
  <testcase name="testMakeMap" classname="org.apache.commons.collections4.bidimap.DualHashBidiMapTest" time="0"/>
  <testcase name="testMapIsEmpty" classname="org.apache.commons.collections4.bidimap.DualHashBidiMapTest" time="0.001"/>
  <testcase name="testMapSize" classname="org.apache.commons.collections4.bidimap.DualHashBidiMapTest" time="0"/>
  <testcase name="testMapClear" classname="org.apache.commons.collections4.bidimap.DualHashBidiMapTest" time="0"/>
  <testcase name="testMapContainsKey" classname="org.apache.commons.collections4.bidimap.DualHashBidiMapTest" time="0.001"/>
  <testcase name="testMapContainsValue" classname="org.apache.commons.collections4.bidimap.DualHashBidiMapTest" time="0.001"/>
  <testcase name="testMapEquals" classname="org.apache.commons.collections4.bidimap.DualHashBidiMapTest" time="0.001"/>
  <testcase name="testMapGet" classname="org.apache.commons.collections4.bidimap.DualHashBidiMapTest" time="0"/>
  <testcase name="testMapHashCode" classname="org.apache.commons.collections4.bidimap.DualHashBidiMapTest" time="0"/>
  <testcase name="testMapToString" classname="org.apache.commons.collections4.bidimap.DualHashBidiMapTest" time="0"/>
  <testcase name="testEmptyMapCompatibility" classname="org.apache.commons.collections4.bidimap.DualHashBidiMapTest" time="0.001"/>
  <testcase name="testFullMapCompatibility" classname="org.apache.commons.collections4.bidimap.DualHashBidiMapTest" time="0.001"/>
  <testcase name="testMapPut" classname="org.apache.commons.collections4.bidimap.DualHashBidiMapTest" time="0.007"/>
  <testcase name="testMapPutNullKey" classname="org.apache.commons.collections4.bidimap.DualHashBidiMapTest" time="0"/>
  <testcase name="testMapPutNullValue" classname="org.apache.commons.collections4.bidimap.DualHashBidiMapTest" time="0"/>
  <testcase name="testMapPutAll" classname="org.apache.commons.collections4.bidimap.DualHashBidiMapTest" time="0.002"/>
  <testcase name="testMapRemove" classname="org.apache.commons.collections4.bidimap.DualHashBidiMapTest" time="0.002"/>
  <testcase name="testValuesClearChangesMap" classname="org.apache.commons.collections4.bidimap.DualHashBidiMapTest" time="0.001"/>
  <testcase name="testKeySetClearChangesMap" classname="org.apache.commons.collections4.bidimap.DualHashBidiMapTest" time="0.001"/>
  <testcase name="testEntrySetClearChangesMap" classname="org.apache.commons.collections4.bidimap.DualHashBidiMapTest" time="0"/>
  <testcase name="testEntrySetContains1" classname="org.apache.commons.collections4.bidimap.DualHashBidiMapTest" time="0"/>
  <testcase name="testEntrySetContains2" classname="org.apache.commons.collections4.bidimap.DualHashBidiMapTest" time="0"/>
  <testcase name="testEntrySetContains3" classname="org.apache.commons.collections4.bidimap.DualHashBidiMapTest" time="0"/>
  <testcase name="testEntrySetRemove1" classname="org.apache.commons.collections4.bidimap.DualHashBidiMapTest" time="0"/>
  <testcase name="testEntrySetRemove2" classname="org.apache.commons.collections4.bidimap.DualHashBidiMapTest" time="0"/>
  <testcase name="testEntrySetRemove3" classname="org.apache.commons.collections4.bidimap.DualHashBidiMapTest" time="0"/>
  <testcase name="testValuesRemoveChangesMap" classname="org.apache.commons.collections4.bidimap.DualHashBidiMapTest" time="0"/>
  <testcase name="testValuesRemoveAll" classname="org.apache.commons.collections4.bidimap.DualHashBidiMapTest" time="0.001"/>
  <testcase name="testValuesRetainAll" classname="org.apache.commons.collections4.bidimap.DualHashBidiMapTest" time="0"/>
  <testcase name="testValuesIteratorRemoveChangesMap" classname="org.apache.commons.collections4.bidimap.DualHashBidiMapTest" time="0"/>
  <testcase name="testKeySetRemoveChangesMap" classname="org.apache.commons.collections4.bidimap.DualHashBidiMapTest" time="0"/>
  <testcase name="testKeySetRemoveAll" classname="org.apache.commons.collections4.bidimap.DualHashBidiMapTest" time="0"/>
  <testcase name="testKeySetRetainAll" classname="org.apache.commons.collections4.bidimap.DualHashBidiMapTest" time="0"/>
  <testcase name="testKeySetIteratorRemoveChangesMap" classname="org.apache.commons.collections4.bidimap.DualHashBidiMapTest" time="0"/>
  <testcase name="testEntrySetRemoveChangesMap" classname="org.apache.commons.collections4.bidimap.DualHashBidiMapTest" time="0.001"/>
  <testcase name="testEntrySetRemoveAll" classname="org.apache.commons.collections4.bidimap.DualHashBidiMapTest" time="0"/>
  <testcase name="testEntrySetRetainAll" classname="org.apache.commons.collections4.bidimap.DualHashBidiMapTest" time="0.004"/>
  <testcase name="testEntrySetIteratorRemoveChangesMap" classname="org.apache.commons.collections4.bidimap.DualHashBidiMapTest" time="0"/>
  <testcase name="testSetEquals" classname="org.apache.commons.collections4.map.AbstractMapTest$TestMapKeySet" time="0"/>
  <testcase name="testSetHashCode" classname="org.apache.commons.collections4.map.AbstractMapTest$TestMapKeySet" time="0"/>
  <testcase name="testCollectionAdd" classname="org.apache.commons.collections4.map.AbstractMapTest$TestMapKeySet" time="0"/>
  <testcase name="testCollectionAddAll" classname="org.apache.commons.collections4.map.AbstractMapTest$TestMapKeySet" time="0.001"/>
  <testcase name="testUnsupportedAdd" classname="org.apache.commons.collections4.map.AbstractMapTest$TestMapKeySet" time="0.001"/>
  <testcase name="testCollectionClear" classname="org.apache.commons.collections4.map.AbstractMapTest$TestMapKeySet" time="0"/>
  <testcase name="testCollectionContains" classname="org.apache.commons.collections4.map.AbstractMapTest$TestMapKeySet" time="0.002"/>
  <testcase name="testCollectionContainsAll" classname="org.apache.commons.collections4.map.AbstractMapTest$TestMapKeySet" time="0"/>
  <testcase name="testCollectionIsEmpty" classname="org.apache.commons.collections4.map.AbstractMapTest$TestMapKeySet" time="0.001"/>
  <testcase name="testCollectionIterator" classname="org.apache.commons.collections4.map.AbstractMapTest$TestMapKeySet" time="0.001"/>
  <testcase name="testCollectionRemove" classname="org.apache.commons.collections4.map.AbstractMapTest$TestMapKeySet" time="0.013"/>
  <testcase name="testCollectionIteratorRemove" classname="org.apache.commons.collections4.map.AbstractMapTest$TestMapKeySet" time="0.001"/>
  <testcase name="testCollectionRemoveAll" classname="org.apache.commons.collections4.map.AbstractMapTest$TestMapKeySet" time="0.002"/>
  <testcase name="testCollectionRetainAll" classname="org.apache.commons.collections4.map.AbstractMapTest$TestMapKeySet" time="0.003"/>
  <testcase name="testCollectionSize" classname="org.apache.commons.collections4.map.AbstractMapTest$TestMapKeySet" time="0"/>
  <testcase name="testCollectionToArray" classname="org.apache.commons.collections4.map.AbstractMapTest$TestMapKeySet" time="0"/>
  <testcase name="testCollectionToArray2" classname="org.apache.commons.collections4.map.AbstractMapTest$TestMapKeySet" time="0.001"/>
  <testcase name="testCollectionToString" classname="org.apache.commons.collections4.map.AbstractMapTest$TestMapKeySet" time="0"/>
  <testcase name="testUnsupportedRemove" classname="org.apache.commons.collections4.map.AbstractMapTest$TestMapKeySet" time="0"/>
  <testcase name="testCollectionIteratorFailFast" classname="org.apache.commons.collections4.map.AbstractMapTest$TestMapKeySet" time="0.001"/>
  <testcase name="testSerializeDeserializeThenCompare" classname="org.apache.commons.collections4.map.AbstractMapTest$TestMapKeySet" time="0"/>
  <testcase name="testObjectEqualsSelf" classname="org.apache.commons.collections4.map.AbstractMapTest$TestMapKeySet" time="0"/>
  <testcase name="testEqualsNull" classname="org.apache.commons.collections4.map.AbstractMapTest$TestMapKeySet" time="0"/>
  <testcase name="testObjectHashCodeEqualsSelfHashCode" classname="org.apache.commons.collections4.map.AbstractMapTest$TestMapKeySet" time="0"/>
  <testcase name="testObjectHashCodeEqualsContract" classname="org.apache.commons.collections4.map.AbstractMapTest$TestMapKeySet" time="0"/>
  <testcase name="testSimpleSerialization" classname="org.apache.commons.collections4.map.AbstractMapTest$TestMapKeySet" time="0.001"/>
  <testcase name="testCanonicalEmptyCollectionExists" classname="org.apache.commons.collections4.map.AbstractMapTest$TestMapKeySet" time="0"/>
  <testcase name="testCanonicalFullCollectionExists" classname="org.apache.commons.collections4.map.AbstractMapTest$TestMapKeySet" time="0"/>
  <testcase name="testCollectionAdd" classname="org.apache.commons.collections4.map.AbstractMapTest$TestMapValues" time="0"/>
  <testcase name="testCollectionAddAll" classname="org.apache.commons.collections4.map.AbstractMapTest$TestMapValues" time="0"/>
  <testcase name="testUnsupportedAdd" classname="org.apache.commons.collections4.map.AbstractMapTest$TestMapValues" time="0"/>
  <testcase name="testCollectionClear" classname="org.apache.commons.collections4.map.AbstractMapTest$TestMapValues" time="0.002"/>
  <testcase name="testCollectionContains" classname="org.apache.commons.collections4.map.AbstractMapTest$TestMapValues" time="0"/>
  <testcase name="testCollectionContainsAll" classname="org.apache.commons.collections4.map.AbstractMapTest$TestMapValues" time="0.001"/>
  <testcase name="testCollectionIsEmpty" classname="org.apache.commons.collections4.map.AbstractMapTest$TestMapValues" time="0"/>
  <testcase name="testCollectionIterator" classname="org.apache.commons.collections4.map.AbstractMapTest$TestMapValues" time="0.001"/>
  <testcase name="testCollectionRemove" classname="org.apache.commons.collections4.map.AbstractMapTest$TestMapValues" time="0.006"/>
  <testcase name="testCollectionIteratorRemove" classname="org.apache.commons.collections4.map.AbstractMapTest$TestMapValues" time="0"/>
  <testcase name="testCollectionRemoveAll" classname="org.apache.commons.collections4.map.AbstractMapTest$TestMapValues" time="0"/>
  <testcase name="testCollectionRetainAll" classname="org.apache.commons.collections4.map.AbstractMapTest$TestMapValues" time="0.002"/>
  <testcase name="testCollectionSize" classname="org.apache.commons.collections4.map.AbstractMapTest$TestMapValues" time="0"/>
  <testcase name="testCollectionToArray" classname="org.apache.commons.collections4.map.AbstractMapTest$TestMapValues" time="0"/>
  <testcase name="testCollectionToArray2" classname="org.apache.commons.collections4.map.AbstractMapTest$TestMapValues" time="0.002"/>
  <testcase name="testCollectionToString" classname="org.apache.commons.collections4.map.AbstractMapTest$TestMapValues" time="0"/>
  <testcase name="testUnsupportedRemove" classname="org.apache.commons.collections4.map.AbstractMapTest$TestMapValues" time="0"/>
  <testcase name="testCollectionIteratorFailFast" classname="org.apache.commons.collections4.map.AbstractMapTest$TestMapValues" time="0"/>
  <testcase name="testSerializeDeserializeThenCompare" classname="org.apache.commons.collections4.map.AbstractMapTest$TestMapValues" time="0"/>
  <testcase name="testObjectEqualsSelf" classname="org.apache.commons.collections4.map.AbstractMapTest$TestMapValues" time="0.001"/>
  <testcase name="testEqualsNull" classname="org.apache.commons.collections4.map.AbstractMapTest$TestMapValues" time="0"/>
  <testcase name="testObjectHashCodeEqualsSelfHashCode" classname="org.apache.commons.collections4.map.AbstractMapTest$TestMapValues" time="0"/>
  <testcase name="testObjectHashCodeEqualsContract" classname="org.apache.commons.collections4.map.AbstractMapTest$TestMapValues" time="0"/>
  <testcase name="testSimpleSerialization" classname="org.apache.commons.collections4.map.AbstractMapTest$TestMapValues" time="0.001"/>
  <testcase name="testCanonicalEmptyCollectionExists" classname="org.apache.commons.collections4.map.AbstractMapTest$TestMapValues" time="0"/>
  <testcase name="testCanonicalFullCollectionExists" classname="org.apache.commons.collections4.map.AbstractMapTest$TestMapValues" time="0"/>
  <testcase name="testSerializeDeserializeThenCompare" classname="org.apache.commons.collections4.bidimap.DualHashBidiMapTest" time="0"/>
  <testcase name="testObjectEqualsSelf" classname="org.apache.commons.collections4.bidimap.DualHashBidiMapTest" time="0"/>
  <testcase name="testEqualsNull" classname="org.apache.commons.collections4.bidimap.DualHashBidiMapTest" time="0"/>
  <testcase name="testObjectHashCodeEqualsSelfHashCode" classname="org.apache.commons.collections4.bidimap.DualHashBidiMapTest" time="0.001"/>
  <testcase name="testObjectHashCodeEqualsContract" classname="org.apache.commons.collections4.bidimap.DualHashBidiMapTest" time="0"/>
  <testcase name="testSimpleSerialization" classname="org.apache.commons.collections4.bidimap.DualHashBidiMapTest" time="0"/>
  <testcase name="testCanonicalEmptyCollectionExists" classname="org.apache.commons.collections4.bidimap.DualHashBidiMapTest" time="0.001"/>
  <testcase name="testCanonicalFullCollectionExists" classname="org.apache.commons.collections4.bidimap.DualHashBidiMapTest" time="0.003"/>
</testsuite>