  [INFO] Scanning for projects...
[INFO] 
[INFO] Using the builder org.apache.maven.lifecycle.internal.builder.singlethreaded.SingleThreadedBuilder with a thread count of 1
[INFO]                                                                         
[INFO] ------------------------------------------------------------------------
[INFO] Building Apache Commons Lang 3.4-SNAPSHOT
[INFO] ------------------------------------------------------------------------
[INFO] 
[INFO] --- maven-clean-plugin:2.5:clean (default-clean) @ commons-lang3 ---
[INFO] Deleting C:\MarcelStuff\projects\DIVERSE\sosies-generator\tmpDir\tmp_1404475978349\target
[INFO] 
[INFO] --- maven-antrun-plugin:1.7:run (javadoc.resources) @ commons-lang3 ---
[INFO] Executing tasks

main:
     [copy] Copying 2 files to C:\MarcelStuff\projects\DIVERSE\sosies-generator\tmpDir\tmp_1404475978349\target\apidocs\META-INF
[INFO] Executed tasks
[INFO] 
[INFO] --- maven-remote-resources-plugin:1.5:process (default) @ commons-lang3 ---
[INFO] 
[INFO] --- buildnumber-maven-plugin:1.2:create (default) @ commons-lang3 ---
[INFO] Checking for local modifications: skipped.
[INFO] Updating project files from SCM: skipped.
[INFO] Executing: cmd.exe /X /C "svn --non-interactive info"
[INFO] Working directory: C:\MarcelStuff\projects\DIVERSE\sosies-generator\tmpDir\tmp_1404475978349
[INFO] Storing buildNumber: ?????? at timestamp: 1404476365857
[INFO] Executing: cmd.exe /X /C "svn --non-interactive info"
[INFO] Working directory: C:\MarcelStuff\projects\DIVERSE\sosies-generator\tmpDir\tmp_1404475978349
[INFO] Storing buildScmBranch: UNKNOWN_BRANCH
[INFO] 
[INFO] --- maven-resources-plugin:2.6:resources (default-resources) @ commons-lang3 ---
[INFO] Using 'ISO-8859-1' encoding to copy filtered resources.
[INFO] skip non existing resourceDirectory C:\MarcelStuff\projects\DIVERSE\sosies-generator\tmpDir\tmp_1404475978349\src\main\resources
[INFO] Copying 2 resources to META-INF
[INFO] 
[INFO] --- maven-compiler-plugin:3.1:compile (default-compile) @ commons-lang3 ---
[INFO] Changes detected - recompiling the module!
[INFO] Compiling 132 source files to C:\MarcelStuff\projects\DIVERSE\sosies-generator\tmpDir\tmp_1404475978349\target\classes
[INFO] -------------------------------------------------------------
[ERROR] COMPILATION ERROR : 
[INFO] -------------------------------------------------------------
[ERROR] /C:/MarcelStuff/projects/DIVERSE/sosies-generator/tmpDir/tmp_1404475978349/src/main/java/org/apache/commons/lang3/StringEscapeUtils.java:[400,22] cannot find symbol
  symbol:   variable nBools
  location: class org.apache.commons.lang3.StringEscapeUtils.CsvUnescaper
[ERROR] /C:/MarcelStuff/projects/DIVERSE/sosies-generator/tmpDir/tmp_1404475978349/src/main/java/org/apache/commons/lang3/StringEscapeUtils.java:[401,5] cannot find symbol
  symbol:   variable shift
  location: class org.apache.commons.lang3.StringEscapeUtils.CsvUnescaper
[ERROR] /C:/MarcelStuff/projects/DIVERSE/sosies-generator/tmpDir/tmp_1404475978349/src/main/java/org/apache/commons/lang3/StringEscapeUtils.java:[402,5] cannot find symbol
  symbol:   variable dst
  location: class org.apache.commons.lang3.StringEscapeUtils.CsvUnescaper
[ERROR] /C:/MarcelStuff/projects/DIVERSE/sosies-generator/tmpDir/tmp_1404475978349/src/main/java/org/apache/commons/lang3/StringEscapeUtils.java:[402,10] cannot find symbol
  symbol:   variable dstPos
  location: class org.apache.commons.lang3.StringEscapeUtils.CsvUnescaper
[ERROR] /C:/MarcelStuff/projects/DIVERSE/sosies-generator/tmpDir/tmp_1404475978349/src/main/java/org/apache/commons/lang3/StringEscapeUtils.java:[402,31] cannot find symbol
  symbol:   variable src
  location: class org.apache.commons.lang3.StringEscapeUtils.CsvUnescaper
[ERROR] /C:/MarcelStuff/projects/DIVERSE/sosies-generator/tmpDir/tmp_1404475978349/src/main/java/org/apache/commons/lang3/StringEscapeUtils.java:[402,38] cannot find symbol
  symbol:   variable shift
  location: class org.apache.commons.lang3.StringEscapeUtils.CsvUnescaper
[INFO] 6 errors 
[INFO] -------------------------------------------------------------
[INFO] ------------------------------------------------------------------------
[INFO] BUILD FAILURE
[INFO] ------------------------------------------------------------------------
[INFO] Total time: 8.226 s
[INFO] Finished at: 2014-07-04T14:19:31+01:00
[INFO] Final Memory: 17M/116M
[INFO] ------------------------------------------------------------------------
[ERROR] Failed to execute goal org.apache.maven.plugins:maven-compiler-plugin:3.1:compile (default-compile) on project commons-lang3: Compilation failure: Compilation failure:
[ERROR] /C:/MarcelStuff/projects/DIVERSE/sosies-generator/tmpDir/tmp_1404475978349/src/main/java/org/apache/commons/lang3/StringEscapeUtils.java:[400,22] cannot find symbol
[ERROR] symbol:   variable nBools
[ERROR] location: class org.apache.commons.lang3.StringEscapeUtils.CsvUnescaper
[ERROR] /C:/MarcelStuff/projects/DIVERSE/sosies-generator/tmpDir/tmp_1404475978349/src/main/java/org/apache/commons/lang3/StringEscapeUtils.java:[401,5] cannot find symbol
[ERROR] symbol:   variable shift
[ERROR] location: class org.apache.commons.lang3.StringEscapeUtils.CsvUnescaper
[ERROR] /C:/MarcelStuff/projects/DIVERSE/sosies-generator/tmpDir/tmp_1404475978349/src/main/java/org/apache/commons/lang3/StringEscapeUtils.java:[402,5] cannot find symbol
[ERROR] symbol:   variable dst
[ERROR] location: class org.apache.commons.lang3.StringEscapeUtils.CsvUnescaper
[ERROR] /C:/MarcelStuff/projects/DIVERSE/sosies-generator/tmpDir/tmp_1404475978349/src/main/java/org/apache/commons/lang3/StringEscapeUtils.java:[402,10] cannot find symbol
[ERROR] symbol:   variable dstPos
[ERROR] location: class org.apache.commons.lang3.StringEscapeUtils.CsvUnescaper
[ERROR] /C:/MarcelStuff/projects/DIVERSE/sosies-generator/tmpDir/tmp_1404475978349/src/main/java/org/apache/commons/lang3/StringEscapeUtils.java:[402,31] cannot find symbol
[ERROR] symbol:   variable src
[ERROR] location: class org.apache.commons.lang3.StringEscapeUtils.CsvUnescaper
[ERROR] /C:/MarcelStuff/projects/DIVERSE/sosies-generator/tmpDir/tmp_1404475978349/src/main/java/org/apache/commons/lang3/StringEscapeUtils.java:[402,38] cannot find symbol
[ERROR] symbol:   variable shift
[ERROR] location: class org.apache.commons.lang3.StringEscapeUtils.CsvUnescaper
[ERROR] -> [Help 1]
[ERROR] 
[ERROR] To see the full stack trace of the errors, re-run Maven with the -e switch.
[ERROR] Re-run Maven using the -X switch to enable full debug logging.
[ERROR] 
[ERROR] For more information about the errors and possible solutions, please read the following articles:
[ERROR] [Help 1] http://cwiki.apache.org/confluence/display/MAVEN/MojoFailureException
